<?xml version="1.0" encoding="UTF-8"?>
<!-- Generated by org.testng.reporters.JUnitXMLReporter -->
<testsuite hostname="DESKTOP-ORPIEMA" ignored="24" name="Regression" tests="14" failures="0" timestamp="22 сен 2019 10:37:31 GMT" time="32.225" errors="0">
  <testcase name="@BeforeMethod openPage" time="0.001" classname="com.alevel.TestBase">
    <failure type="java.lang.NullPointerException">
      <![CDATA[java.lang.NullPointerException
at com.alevel.TestBase.openPage(TestBase.java:53)
... Removed 27 stack frames]]>
    </failure>
  </testcase> <!-- @BeforeMethod openPage -->
  <testcase name="@AfterMethod closePage" time="0.0" classname="com.alevel.TestBase">
    <skipped/>
  </testcase> <!-- @AfterMethod closePage -->
  <testcase name="@BeforeMethod openPage" time="0.001" classname="com.alevel.TestBase">
    <failure type="java.lang.NullPointerException">
      <![CDATA[java.lang.NullPointerException
at com.alevel.TestBase.openPage(TestBase.java:53)
... Removed 27 stack frames]]>
    </failure>
  </testcase> <!-- @BeforeMethod openPage -->
  <testcase name="@AfterMethod closePage" time="0.0" classname="com.alevel.TestBase">
    <skipped/>
  </testcase> <!-- @AfterMethod closePage -->
  <testcase name="@BeforeMethod openPage" time="0.0" classname="com.alevel.TestBase">
    <failure type="java.lang.NullPointerException">
      <![CDATA[java.lang.NullPointerException
at com.alevel.TestBase.openPage(TestBase.java:53)
... Removed 27 stack frames]]>
    </failure>
  </testcase> <!-- @BeforeMethod openPage -->
  <testcase name="@AfterMethod closePage" time="0.0" classname="com.alevel.TestBase">
    <skipped/>
  </testcase> <!-- @AfterMethod closePage -->
  <testcase name="@BeforeMethod openPage" time="0.001" classname="com.alevel.TestBase">
    <failure type="java.lang.NullPointerException">
      <![CDATA[java.lang.NullPointerException
at com.alevel.TestBase.openPage(TestBase.java:53)
... Removed 27 stack frames]]>
    </failure>
  </testcase> <!-- @BeforeMethod openPage -->
  <testcase name="@AfterMethod closePage" time="0.0" classname="com.alevel.TestBase">
    <skipped/>
  </testcase> <!-- @AfterMethod closePage -->
  <testcase name="@BeforeMethod openPage" time="0.001" classname="com.alevel.TestBase">
    <failure type="java.lang.NullPointerException">
      <![CDATA[java.lang.NullPointerException
at com.alevel.TestBase.openPage(TestBase.java:53)
... Removed 27 stack frames]]>
    </failure>
  </testcase> <!-- @BeforeMethod openPage -->
  <testcase name="@AfterMethod closePage" time="0.0" classname="com.alevel.TestBase">
    <skipped/>
  </testcase> <!-- @AfterMethod closePage -->
  <testcase name="@BeforeMethod openPage" time="0.001" classname="com.alevel.TestBase">
    <failure type="java.lang.NullPointerException">
      <![CDATA[java.lang.NullPointerException
at com.alevel.TestBase.openPage(TestBase.java:53)
... Removed 27 stack frames]]>
    </failure>
  </testcase> <!-- @BeforeMethod openPage -->
  <testcase name="@AfterMethod closePage" time="0.0" classname="com.alevel.TestBase">
    <skipped/>
  </testcase> <!-- @AfterMethod closePage -->
  <testcase name="@BeforeMethod openPage" time="0.001" classname="com.alevel.TestBase">
    <failure type="java.lang.NullPointerException">
      <![CDATA[java.lang.NullPointerException
at com.alevel.TestBase.openPage(TestBase.java:53)
... Removed 27 stack frames]]>
    </failure>
  </testcase> <!-- @BeforeMethod openPage -->
  <testcase name="@AfterMethod closePage" time="0.0" classname="com.alevel.TestBase">
    <skipped/>
  </testcase> <!-- @AfterMethod closePage -->
  <testcase name="@BeforeMethod openPage" time="0.001" classname="com.alevel.TestBase">
    <failure type="java.lang.NullPointerException">
      <![CDATA[java.lang.NullPointerException
at com.alevel.TestBase.openPage(TestBase.java:53)
... Removed 27 stack frames]]>
    </failure>
  </testcase> <!-- @BeforeMethod openPage -->
  <testcase name="@AfterMethod closePage" time="0.0" classname="com.alevel.TestBase">
    <skipped/>
  </testcase> <!-- @AfterMethod closePage -->
  <testcase name="@BeforeMethod openPage" time="0.001" classname="com.alevel.TestBase">
    <failure type="java.lang.NullPointerException">
      <![CDATA[java.lang.NullPointerException
at com.alevel.TestBase.openPage(TestBase.java:53)
... Removed 27 stack frames]]>
    </failure>
  </testcase> <!-- @BeforeMethod openPage -->
  <testcase name="@AfterMethod closePage" time="0.0" classname="com.alevel.TestBase">
    <skipped/>
  </testcase> <!-- @AfterMethod closePage -->
  <testcase name="@BeforeMethod openPage" time="0.001" classname="com.alevel.TestBase">
    <failure type="java.lang.NullPointerException">
      <![CDATA[java.lang.NullPointerException
at com.alevel.TestBase.openPage(TestBase.java:53)
... Removed 27 stack frames]]>
    </failure>
  </testcase> <!-- @BeforeMethod openPage -->
  <testcase name="@AfterMethod closePage" time="0.0" classname="com.alevel.TestBase">
    <skipped/>
  </testcase> <!-- @AfterMethod closePage -->
  <testcase name="@BeforeMethod openPage" time="0.002" classname="com.alevel.TestBase">
    <failure type="java.lang.NullPointerException">
      <![CDATA[java.lang.NullPointerException
at com.alevel.TestBase.openPage(TestBase.java:53)
... Removed 27 stack frames]]>
    </failure>
  </testcase> <!-- @BeforeMethod openPage -->
  <testcase name="@AfterMethod closePage" time="0.0" classname="com.alevel.TestBase">
    <skipped/>
  </testcase> <!-- @AfterMethod closePage -->
  <testcase name="@BeforeMethod openPage" time="0.001" classname="com.alevel.TestBase">
    <failure type="java.lang.NullPointerException">
      <![CDATA[java.lang.NullPointerException
at com.alevel.TestBase.openPage(TestBase.java:53)
... Removed 27 stack frames]]>
    </failure>
  </testcase> <!-- @BeforeMethod openPage -->
  <testcase name="@AfterMethod closePage" time="0.0" classname="com.alevel.TestBase">
    <skipped/>
  </testcase> <!-- @AfterMethod closePage -->
  <testcase name="@BeforeMethod openPage" time="0.0" classname="com.alevel.TestBase">
    <skipped/>
  </testcase> <!-- @BeforeMethod openPage -->
  <testcase name="@AfterMethod closePage" time="0.0" classname="com.alevel.TestBase">
    <skipped/>
  </testcase> <!-- @AfterMethod closePage -->
  <testcase name="checkThatAfterClickOnAndroidIconOpensGoogleMarketPage" time="15.65" classname="com.alevel.AndroidAppLinkTest"/>
  <testcase name="checkThatAfterClickOnTwitterSocIconOpensTwitterPage" time="0.0" classname="com.alevel.TwitterSocIconTest">
    <skipped/>
  </testcase> <!-- checkThatAfterClickOnTwitterSocIconOpensTwitterPage -->
  <testcase name="checkThatUserCanSelectCityUsingCitySelectAtHeader" time="0.0" classname="com.alevel.CitySelectTest">
    <skipped/>
  </testcase> <!-- checkThatUserCanSelectCityUsingCitySelectAtHeader -->
  <testcase name="checkThatAfterClickOnTwitterSocIconOpensTwitterPage" time="0.0" classname="com.alevel.ViberPageTest">
    <skipped/>
  </testcase> <!-- checkThatAfterClickOnTwitterSocIconOpensTwitterPage -->
  <testcase name="checkThatAfterClickOnFBSocIconOpensFBPage" time="0.0" classname="com.alevel.FBSocIconTest">
    <skipped/>
  </testcase> <!-- checkThatAfterClickOnFBSocIconOpensFBPage -->
  <testcase name="checkThatAfterClickOnTwitterSocIconOpensTwitterPage" time="0.0" classname="com.alevel.YTPageTest">
    <skipped/>
  </testcase> <!-- checkThatAfterClickOnTwitterSocIconOpensTwitterPage -->
  <testcase name="checkThatAfterClickOnInstagramSocIconOpensInstagramPage" time="0.0" classname="com.alevel.InstaPageTest">
    <skipped/>
  </testcase> <!-- checkThatAfterClickOnInstagramSocIconOpensInstagramPage -->
  <testcase name="checkThatAfterClickOnIOSIconOpensAppStorePage" time="0.0" classname="com.alevel.IOSApplinkTest">
    <skipped/>
  </testcase> <!-- checkThatAfterClickOnIOSIconOpensAppStorePage -->
  <testcase name="checkThatRuLanguageIsInactiveAfterUaLanguageClick" time="0.0" classname="com.alevel.LanguageSwitchTest">
    <skipped/>
  </testcase> <!-- checkThatRuLanguageIsInactiveAfterUaLanguageClick -->
  <testcase name="checkUserLoginUsingPopUp" time="0.0" classname="com.alevel.LoginTest">
    <skipped/>
  </testcase> <!-- checkUserLoginUsingPopUp -->
  <testcase name="checkThatAfterLoginUserRedirectedToDetailPage" time="0.0" classname="com.alevel.OrderStatusPageTest">
    <skipped/>
  </testcase> <!-- checkThatAfterLoginUserRedirectedToDetailPage -->
  <testcase name="checkThatPonePopupOpenedAfterClick" time="0.0" classname="com.alevel.PhonesPopupTest">
    <skipped/>
  </testcase> <!-- checkThatPonePopupOpenedAfterClick -->
  <testcase name="checkSearchResultsPO" time="0.0" classname="com.alevel.SearchTests">
    <skipped/>
  </testcase> <!-- checkSearchResultsPO -->
  <testcase name="checkSearchResultsPO" time="0.0" classname="com.alevel.SearchTests">
    <skipped/>
  </testcase> <!-- checkSearchResultsPO -->
  <testcase name="@AfterTest tearDown" time="0.0" classname="com.alevel.TestBase">
    <ignored/>
  </testcase> <!-- @AfterTest tearDown -->
  <testcase name="@AfterTest tearDown" time="0.0" classname="com.alevel.TestBase">
    <ignored/>
  </testcase> <!-- @AfterTest tearDown -->
  <testcase name="@AfterTest tearDown" time="0.0" classname="com.alevel.TestBase">
    <ignored/>
  </testcase> <!-- @AfterTest tearDown -->
  <testcase name="@AfterTest tearDown" time="0.0" classname="com.alevel.TestBase">
    <ignored/>
  </testcase> <!-- @AfterTest tearDown -->
  <testcase name="@AfterTest tearDown" time="0.0" classname="com.alevel.TestBase">
    <ignored/>
  </testcase> <!-- @AfterTest tearDown -->
  <testcase name="@AfterTest tearDown" time="0.0" classname="com.alevel.TestBase">
    <ignored/>
  </testcase> <!-- @AfterTest tearDown -->
  <testcase name="@AfterTest tearDown" time="0.0" classname="com.alevel.TestBase">
    <ignored/>
  </testcase> <!-- @AfterTest tearDown -->
  <testcase name="@AfterTest tearDown" time="0.0" classname="com.alevel.TestBase">
    <ignored/>
  </testcase> <!-- @AfterTest tearDown -->
  <testcase name="@AfterTest tearDown" time="0.0" classname="com.alevel.TestBase">
    <ignored/>
  </testcase> <!-- @AfterTest tearDown -->
  <testcase name="@AfterTest tearDown" time="0.0" classname="com.alevel.TestBase">
    <ignored/>
  </testcase> <!-- @AfterTest tearDown -->
  <testcase name="@AfterTest tearDown" time="0.0" classname="com.alevel.TestBase">
    <ignored/>
  </testcase> <!-- @AfterTest tearDown -->
  <testcase name="@AfterTest tearDown" time="0.0" classname="com.alevel.TestBase">
    <ignored/>
  </testcase> <!-- @AfterTest tearDown -->
  <testcase name="@BeforeTest setUp" time="0.0" classname="com.alevel.TestBase">
    <ignored/>
  </testcase> <!-- @BeforeTest setUp -->
  <testcase name="@BeforeTest setUp" time="0.0" classname="com.alevel.TestBase">
    <ignored/>
  </testcase> <!-- @BeforeTest setUp -->
  <testcase name="@BeforeTest setUp" time="0.0" classname="com.alevel.TestBase">
    <ignored/>
  </testcase> <!-- @BeforeTest setUp -->
  <testcase name="@BeforeTest setUp" time="0.0" classname="com.alevel.TestBase">
    <ignored/>
  </testcase> <!-- @BeforeTest setUp -->
  <testcase name="@BeforeTest setUp" time="0.0" classname="com.alevel.TestBase">
    <ignored/>
  </testcase> <!-- @BeforeTest setUp -->
  <testcase name="@BeforeTest setUp" time="0.0" classname="com.alevel.TestBase">
    <ignored/>
  </testcase> <!-- @BeforeTest setUp -->
  <testcase name="@BeforeTest setUp" time="0.0" classname="com.alevel.TestBase">
    <ignored/>
  </testcase> <!-- @BeforeTest setUp -->
  <testcase name="@BeforeTest setUp" time="0.0" classname="com.alevel.TestBase">
    <ignored/>
  </testcase> <!-- @BeforeTest setUp -->
  <testcase name="@BeforeTest setUp" time="0.0" classname="com.alevel.TestBase">
    <ignored/>
  </testcase> <!-- @BeforeTest setUp -->
  <testcase name="@BeforeTest setUp" time="0.0" classname="com.alevel.TestBase">
    <ignored/>
  </testcase> <!-- @BeforeTest setUp -->
  <testcase name="@BeforeTest setUp" time="0.0" classname="com.alevel.TestBase">
    <ignored/>
  </testcase> <!-- @BeforeTest setUp -->
  <testcase name="@BeforeTest setUp" time="0.0" classname="com.alevel.TestBase">
    <ignored/>
  </testcase> <!-- @BeforeTest setUp -->
</testsuite> <!-- Regression -->
