<?xml version="1.0" encoding="UTF-8"?>
<testng-results skipped="1" failed="0" ignored="2" total="4" passed="1">
  <reporter-output>
  </reporter-output>
  <suite name="Regression1" duration-ms="30363" started-at="2019-09-23T08:58:13Z" finished-at="2019-09-23T08:58:44Z">
    <groups>
    </groups>
    <test name="Regression" duration-ms="30363" started-at="2019-09-23T08:58:13Z" finished-at="2019-09-23T08:58:44Z">
      <class name="com.alevel.CitySelectTest">
        <test-method status="FAIL" signature="openPage()[pri:0, instance:com.alevel.CitySelectTest@a07d9376]" name="openPage" is-config="true" duration-ms="1" started-at="2019-09-23T08:58:43Z" finished-at="2019-09-23T08:58:43Z">
          <exception class="java.lang.NullPointerException">
            <full-stacktrace>
              <![CDATA[java.lang.NullPointerException
at com.alevel.TestBase.openPage(TestBase.java:53)
at sun.reflect.NativeMethodAccessorImpl.invoke0(Native Method)
at sun.reflect.NativeMethodAccessorImpl.invoke(NativeMethodAccessorImpl.java:62)
at sun.reflect.DelegatingMethodAccessorImpl.invoke(DelegatingMethodAccessorImpl.java:43)
at java.lang.reflect.Method.invoke(Method.java:498)
at org.testng.internal.MethodInvocationHelper.invokeMethod(MethodInvocationHelper.java:124)
at org.testng.internal.MethodInvocationHelper.invokeMethodConsideringTimeout(MethodInvocationHelper.java:59)
at org.testng.internal.Invoker.invokeConfigurationMethod(Invoker.java:458)
at org.testng.internal.Invoker.invokeConfigurations(Invoker.java:222)
at org.testng.internal.Invoker.invokeMethod(Invoker.java:523)
at org.testng.internal.Invoker.invokeTestMethod(Invoker.java:719)
at org.testng.internal.Invoker.invokeTestMethods(Invoker.java:989)
at org.testng.internal.TestMethodWorker.invokeTestMethods(TestMethodWorker.java:125)
at org.testng.internal.TestMethodWorker.run(TestMethodWorker.java:109)
at org.testng.TestRunner.privateRun(TestRunner.java:648)
at org.testng.TestRunner.run(TestRunner.java:505)
at org.testng.SuiteRunner.runTest(SuiteRunner.java:455)
at org.testng.SuiteRunner.runSequentially(SuiteRunner.java:450)
at org.testng.SuiteRunner.privateRun(SuiteRunner.java:415)
at org.testng.SuiteRunner.run(SuiteRunner.java:364)
at org.testng.SuiteRunnerWorker.runSuite(SuiteRunnerWorker.java:52)
at org.testng.SuiteRunnerWorker.run(SuiteRunnerWorker.java:84)
at org.testng.TestNG.runSuitesSequentially(TestNG.java:1208)
at org.testng.TestNG.runSuitesLocally(TestNG.java:1137)
at org.testng.TestNG.runSuites(TestNG.java:1049)
at org.testng.TestNG.run(TestNG.java:1017)
at org.testng.IDEARemoteTestNG.run(IDEARemoteTestNG.java:73)
at org.testng.RemoteTestNGStarter.main(RemoteTestNGStarter.java:123)
]]>
            </full-stacktrace>
          </exception> <!-- java.lang.NullPointerException -->
          <reporter-output>
          </reporter-output>
        </test-method> <!-- openPage -->
        <test-method status="SKIP" signature="checkThatUserCanSelectCityUsingCitySelectAtHeader()[pri:0, instance:com.alevel.CitySelectTest@a07d9376]" name="checkThatUserCanSelectCityUsingCitySelectAtHeader" duration-ms="0" started-at="2019-09-23T08:58:43Z" finished-at="2019-09-23T08:58:43Z">
          <exception class="java.lang.NullPointerException">
            <full-stacktrace>
              <![CDATA[java.lang.NullPointerException
at com.alevel.TestBase.openPage(TestBase.java:53)
at sun.reflect.NativeMethodAccessorImpl.invoke0(Native Method)
at sun.reflect.NativeMethodAccessorImpl.invoke(NativeMethodAccessorImpl.java:62)
at sun.reflect.DelegatingMethodAccessorImpl.invoke(DelegatingMethodAccessorImpl.java:43)
at java.lang.reflect.Method.invoke(Method.java:498)
at org.testng.internal.MethodInvocationHelper.invokeMethod(MethodInvocationHelper.java:124)
at org.testng.internal.MethodInvocationHelper.invokeMethodConsideringTimeout(MethodInvocationHelper.java:59)
at org.testng.internal.Invoker.invokeConfigurationMethod(Invoker.java:458)
at org.testng.internal.Invoker.invokeConfigurations(Invoker.java:222)
at org.testng.internal.Invoker.invokeMethod(Invoker.java:523)
at org.testng.internal.Invoker.invokeTestMethod(Invoker.java:719)
at org.testng.internal.Invoker.invokeTestMethods(Invoker.java:989)
at org.testng.internal.TestMethodWorker.invokeTestMethods(TestMethodWorker.java:125)
at org.testng.internal.TestMethodWorker.run(TestMethodWorker.java:109)
at org.testng.TestRunner.privateRun(TestRunner.java:648)
at org.testng.TestRunner.run(TestRunner.java:505)
at org.testng.SuiteRunner.runTest(SuiteRunner.java:455)
at org.testng.SuiteRunner.runSequentially(SuiteRunner.java:450)
at org.testng.SuiteRunner.privateRun(SuiteRunner.java:415)
at org.testng.SuiteRunner.run(SuiteRunner.java:364)
at org.testng.SuiteRunnerWorker.runSuite(SuiteRunnerWorker.java:52)
at org.testng.SuiteRunnerWorker.run(SuiteRunnerWorker.java:84)
at org.testng.TestNG.runSuitesSequentially(TestNG.java:1208)
at org.testng.TestNG.runSuitesLocally(TestNG.java:1137)
at org.testng.TestNG.runSuites(TestNG.java:1049)
at org.testng.TestNG.run(TestNG.java:1017)
at org.testng.IDEARemoteTestNG.run(IDEARemoteTestNG.java:73)
at org.testng.RemoteTestNGStarter.main(RemoteTestNGStarter.java:123)
]]>
            </full-stacktrace>
          </exception> <!-- java.lang.NullPointerException -->
          <reporter-output>
          </reporter-output>
        </test-method> <!-- checkThatUserCanSelectCityUsingCitySelectAtHeader -->
      </class> <!-- com.alevel.CitySelectTest -->
      <class name="com.alevel.AndroidAppLinkTest">
        <test-method status="PASS" signature="setUp()[pri:0, instance:com.alevel.AndroidAppLinkTest@1911c27a]" name="setUp" is-config="true" duration-ms="10590" started-at="2019-09-23T08:58:13Z" finished-at="2019-09-23T08:58:24Z">
          <reporter-output>
          </reporter-output>
        </test-method> <!-- setUp -->
        <test-method status="PASS" signature="openPage()[pri:0, instance:com.alevel.AndroidAppLinkTest@1911c27a]" name="openPage" is-config="true" duration-ms="3018" started-at="2019-09-23T08:58:24Z" finished-at="2019-09-23T08:58:27Z">
          <reporter-output>
          </reporter-output>
        </test-method> <!-- openPage -->
        <test-method status="PASS" signature="checkThatAfterClickOnAndroidIconOpensGoogleMarketPage()[pri:0, instance:com.alevel.AndroidAppLinkTest@1911c27a]" name="checkThatAfterClickOnAndroidIconOpensGoogleMarketPage" duration-ms="15760" started-at="2019-09-23T08:58:27Z" finished-at="2019-09-23T08:58:43Z">
          <reporter-output>
          </reporter-output>
        </test-method> <!-- checkThatAfterClickOnAndroidIconOpensGoogleMarketPage -->
        <test-method status="PASS" signature="tearDown()[pri:0, instance:com.alevel.AndroidAppLinkTest@1911c27a]" name="tearDown" is-config="true" duration-ms="725" started-at="2019-09-23T08:58:43Z" finished-at="2019-09-23T08:58:44Z">
          <reporter-output>
          </reporter-output>
        </test-method> <!-- tearDown -->
      </class> <!-- com.alevel.AndroidAppLinkTest -->
    </test> <!-- Regression -->
  </suite> <!-- Regression1 -->
</testng-results>
