<?xml version="1.0" encoding="UTF-8"?>
<!-- Generated by org.testng.reporters.JUnitXMLReporter -->
<testsuite hostname="DESKTOP-ORPIEMA" ignored="2" name="Regression" tests="2" failures="0" timestamp="23 сен 2019 08:58:44 GMT" time="30.363" errors="0">
  <testcase name="@BeforeMethod openPage" time="0.001" classname="com.alevel.TestBase">
    <failure type="java.lang.NullPointerException">
      <![CDATA[java.lang.NullPointerException
at com.alevel.TestBase.openPage(TestBase.java:53)
... Removed 27 stack frames]]>
    </failure>
  </testcase> <!-- @BeforeMethod openPage -->
  <testcase name="checkThatAfterClickOnAndroidIconOpensGoogleMarketPage" time="15.76" classname="com.alevel.AndroidAppLinkTest"/>
  <testcase name="checkThatUserCanSelectCityUsingCitySelectAtHeader" time="0.0" classname="com.alevel.CitySelectTest">
    <skipped/>
  </testcase> <!-- checkThatUserCanSelectCityUsingCitySelectAtHeader -->
  <testcase name="@BeforeTest setUp" time="0.0" classname="com.alevel.TestBase">
    <ignored/>
  </testcase> <!-- @BeforeTest setUp -->
  <testcase name="@AfterTest tearDown" time="0.0" classname="com.alevel.TestBase">
    <ignored/>
  </testcase> <!-- @AfterTest tearDown -->
</testsuite> <!-- Regression -->
